This file contains any messages produced by compilers while
running configure, to aid debugging if configure makes a mistake.

It was created by ocaml-syck configure 0.1, which was
generated by GNU Autoconf 2.61.  Invocation command line was

  $ ./configure 

## --------- ##
## Platform. ##
## --------- ##

hostname = birdMachine
uname -m = i686
uname -r = 2.6.32-25-generic
uname -s = Linux
uname -v = #45-Ubuntu SMP Sat Oct 16 19:48:22 UTC 2010

/usr/bin/uname -p = unknown
/bin/uname -X     = unknown

/bin/arch              = unknown
/usr/bin/arch -k       = unknown
/usr/convex/getsysinfo = unknown
/usr/bin/hostinfo      = unknown
/bin/machine           = unknown
/usr/bin/oslevel       = unknown
/bin/universe          = unknown

PATH: /usr/local/sbin
PATH: /usr/local/bin
PATH: /usr/sbin
PATH: /usr/bin
PATH: /sbin
PATH: /bin
PATH: /usr/games


## ----------- ##
## Core tests. ##
## ----------- ##

configure:1708: result: configuring ocaml-syck 0.1
configure:1714: checking for ocamlfind
configure:1730: found /usr/bin/ocamlfind
configure:1742: result: ocamlfind
configure:1758: checking for ocamldep
configure:1774: found /usr/bin/ocamldep
configure:1785: result: ocamldep
configure:1801: checking for ocamlc
configure:1817: found /usr/bin/ocamlc
configure:1828: result: ocamlc
configure:1844: checking for ocamlopt
configure:1860: found /usr/bin/ocamlopt
configure:1872: result: ocamlopt
configure:1887: checking for ocamlmklib
configure:1903: found /usr/bin/ocamlmklib
configure:1914: result: ocamlmklib
configure:2020: checking for gcc
configure:2036: found /usr/bin/gcc
configure:2047: result: gcc
configure:2285: checking for C compiler version
configure:2292: gcc --version >&5
gcc (Ubuntu 4.4.3-4ubuntu5) 4.4.3
Copyright (C) 2009 Free Software Foundation, Inc.
This is free software; see the source for copying conditions.  There is NO
warranty; not even for MERCHANTABILITY or FITNESS FOR A PARTICULAR PURPOSE.

configure:2295: $? = 0
configure:2302: gcc -v >&5
Using built-in specs.
Target: i486-linux-gnu
Configured with: ../src/configure -v --with-pkgversion='Ubuntu 4.4.3-4ubuntu5' --with-bugurl=file:///usr/share/doc/gcc-4.4/README.Bugs --enable-languages=c,c++,fortran,objc,obj-c++ --prefix=/usr --enable-shared --enable-multiarch --enable-linker-build-id --with-system-zlib --libexecdir=/usr/lib --without-included-gettext --enable-threads=posix --with-gxx-include-dir=/usr/include/c++/4.4 --program-suffix=-4.4 --enable-nls --enable-clocale=gnu --enable-libstdcxx-debug --enable-plugin --enable-objc-gc --enable-targets=all --disable-werror --with-arch-32=i486 --with-tune=generic --enable-checking=release --build=i486-linux-gnu --host=i486-linux-gnu --target=i486-linux-gnu
Thread model: posix
gcc version 4.4.3 (Ubuntu 4.4.3-4ubuntu5) 
configure:2305: $? = 0
configure:2312: gcc -V >&5
gcc: '-V' option must have argument
configure:2315: $? = 1
configure:2338: checking for C compiler default output file name
configure:2365: gcc    conftest.c  >&5
configure:2368: $? = 0
configure:2406: result: a.out
configure:2423: checking whether the C compiler works
configure:2433: ./a.out
configure:2436: $? = 0
configure:2453: result: yes
configure:2460: checking whether we are cross compiling
configure:2462: result: no
configure:2465: checking for suffix of executables
configure:2472: gcc -o conftest    conftest.c  >&5
configure:2475: $? = 0
configure:2499: result: 
configure:2505: checking for suffix of object files
configure:2531: gcc -c   conftest.c >&5
configure:2534: $? = 0
configure:2557: result: o
configure:2561: checking whether we are using the GNU C compiler
configure:2590: gcc -c   conftest.c >&5
configure:2596: $? = 0
configure:2613: result: yes
configure:2618: checking whether gcc accepts -g
configure:2648: gcc -c -g  conftest.c >&5
configure:2654: $? = 0
configure:2753: result: yes
configure:2770: checking for gcc option to accept ISO C89
configure:2844: gcc  -c -g -O2  conftest.c >&5
configure:2850: $? = 0
configure:2873: result: none needed
configure:2934: checking for ranlib
configure:2950: found /usr/bin/ranlib
configure:2961: result: ranlib
configure:2993: checking how to run the C preprocessor
configure:3033: gcc -E  conftest.c
configure:3039: $? = 0
configure:3070: gcc -E  conftest.c
conftest.c:8:28: error: ac_nonexistent.h: No such file or directory
configure:3076: $? = 1
configure: failed program was:
| /* confdefs.h.  */
| #define PACKAGE_NAME "ocaml-syck"
| #define PACKAGE_TARNAME "ocaml-syck"
| #define PACKAGE_VERSION "0.1"
| #define PACKAGE_STRING "ocaml-syck 0.1"
| #define PACKAGE_BUGREPORT "waterson@maubi.net"
| /* end confdefs.h.  */
| #include <ac_nonexistent.h>
configure:3109: result: gcc -E
configure:3138: gcc -E  conftest.c
configure:3144: $? = 0
configure:3175: gcc -E  conftest.c
conftest.c:8:28: error: ac_nonexistent.h: No such file or directory
configure:3181: $? = 1
configure: failed program was:
| /* confdefs.h.  */
| #define PACKAGE_NAME "ocaml-syck"
| #define PACKAGE_TARNAME "ocaml-syck"
| #define PACKAGE_VERSION "0.1"
| #define PACKAGE_STRING "ocaml-syck 0.1"
| #define PACKAGE_BUGREPORT "waterson@maubi.net"
| /* end confdefs.h.  */
| #include <ac_nonexistent.h>
configure:3219: checking for grep that handles long lines and -e
configure:3293: result: /bin/grep
configure:3298: checking for egrep
configure:3376: result: /bin/grep -E
configure:3381: checking for ANSI C header files
configure:3411: gcc -c -g -O2  conftest.c >&5
configure:3417: $? = 0
configure:3516: gcc -o conftest -g -O2   conftest.c  >&5
configure:3519: $? = 0
configure:3525: ./conftest
configure:3528: $? = 0
configure:3545: result: yes
configure:3569: checking for sys/types.h
configure:3590: gcc -c -g -O2  conftest.c >&5
configure:3596: $? = 0
configure:3612: result: yes
configure:3569: checking for sys/stat.h
configure:3590: gcc -c -g -O2  conftest.c >&5
configure:3596: $? = 0
configure:3612: result: yes
configure:3569: checking for stdlib.h
configure:3590: gcc -c -g -O2  conftest.c >&5
configure:3596: $? = 0
configure:3612: result: yes
configure:3569: checking for string.h
configure:3590: gcc -c -g -O2  conftest.c >&5
configure:3596: $? = 0
configure:3612: result: yes
configure:3569: checking for memory.h
configure:3590: gcc -c -g -O2  conftest.c >&5
configure:3596: $? = 0
configure:3612: result: yes
configure:3569: checking for strings.h
configure:3590: gcc -c -g -O2  conftest.c >&5
configure:3596: $? = 0
configure:3612: result: yes
configure:3569: checking for inttypes.h
configure:3590: gcc -c -g -O2  conftest.c >&5
configure:3596: $? = 0
configure:3612: result: yes
configure:3569: checking for stdint.h
configure:3590: gcc -c -g -O2  conftest.c >&5
configure:3596: $? = 0
configure:3612: result: yes
configure:3569: checking for unistd.h
configure:3590: gcc -c -g -O2  conftest.c >&5
configure:3596: $? = 0
configure:3612: result: yes
configure:3634: checking syck.h usability
configure:3651: gcc -c -g -O2  conftest.c >&5
conftest.c:51:18: error: syck.h: No such file or directory
configure:3657: $? = 1
configure: failed program was:
| /* confdefs.h.  */
| #define PACKAGE_NAME "ocaml-syck"
| #define PACKAGE_TARNAME "ocaml-syck"
| #define PACKAGE_VERSION "0.1"
| #define PACKAGE_STRING "ocaml-syck 0.1"
| #define PACKAGE_BUGREPORT "waterson@maubi.net"
| #define STDC_HEADERS 1
| #define HAVE_SYS_TYPES_H 1
| #define HAVE_SYS_STAT_H 1
| #define HAVE_STDLIB_H 1
| #define HAVE_STRING_H 1
| #define HAVE_MEMORY_H 1
| #define HAVE_STRINGS_H 1
| #define HAVE_INTTYPES_H 1
| #define HAVE_STDINT_H 1
| #define HAVE_UNISTD_H 1
| /* end confdefs.h.  */
| #include <stdio.h>
| #ifdef HAVE_SYS_TYPES_H
| # include <sys/types.h>
| #endif
| #ifdef HAVE_SYS_STAT_H
| # include <sys/stat.h>
| #endif
| #ifdef STDC_HEADERS
| # include <stdlib.h>
| # include <stddef.h>
| #else
| # ifdef HAVE_STDLIB_H
| #  include <stdlib.h>
| # endif
| #endif
| #ifdef HAVE_STRING_H
| # if !defined STDC_HEADERS && defined HAVE_MEMORY_H
| #  include <memory.h>
| # endif
| # include <string.h>
| #endif
| #ifdef HAVE_STRINGS_H
| # include <strings.h>
| #endif
| #ifdef HAVE_INTTYPES_H
| # include <inttypes.h>
| #endif
| #ifdef HAVE_STDINT_H
| # include <stdint.h>
| #endif
| #ifdef HAVE_UNISTD_H
| # include <unistd.h>
| #endif
| #include <syck.h>
configure:3671: result: no
configure:3675: checking syck.h presence
configure:3690: gcc -E  conftest.c
conftest.c:18:18: error: syck.h: No such file or directory
configure:3696: $? = 1
configure: failed program was:
| /* confdefs.h.  */
| #define PACKAGE_NAME "ocaml-syck"
| #define PACKAGE_TARNAME "ocaml-syck"
| #define PACKAGE_VERSION "0.1"
| #define PACKAGE_STRING "ocaml-syck 0.1"
| #define PACKAGE_BUGREPORT "waterson@maubi.net"
| #define STDC_HEADERS 1
| #define HAVE_SYS_TYPES_H 1
| #define HAVE_SYS_STAT_H 1
| #define HAVE_STDLIB_H 1
| #define HAVE_STRING_H 1
| #define HAVE_MEMORY_H 1
| #define HAVE_STRINGS_H 1
| #define HAVE_INTTYPES_H 1
| #define HAVE_STDINT_H 1
| #define HAVE_UNISTD_H 1
| /* end confdefs.h.  */
| #include <syck.h>
configure:3710: result: no
configure:3743: checking for syck.h
configure:3750: result: no
configure:3757: error: Cannot find syck.h.

## ---------------- ##
## Cache variables. ##
## ---------------- ##

ac_cv_c_compiler_gnu=yes
ac_cv_env_CC_set=
ac_cv_env_CC_value=
ac_cv_env_CFLAGS_set=
ac_cv_env_CFLAGS_value=
ac_cv_env_CPPFLAGS_set=
ac_cv_env_CPPFLAGS_value=
ac_cv_env_CPP_set=
ac_cv_env_CPP_value=
ac_cv_env_LDFLAGS_set=
ac_cv_env_LDFLAGS_value=
ac_cv_env_LIBS_set=
ac_cv_env_LIBS_value=
ac_cv_env_build_alias_set=
ac_cv_env_build_alias_value=
ac_cv_env_host_alias_set=
ac_cv_env_host_alias_value=
ac_cv_env_target_alias_set=
ac_cv_env_target_alias_value=
ac_cv_header_inttypes_h=yes
ac_cv_header_memory_h=yes
ac_cv_header_stdc=yes
ac_cv_header_stdint_h=yes
ac_cv_header_stdlib_h=yes
ac_cv_header_string_h=yes
ac_cv_header_strings_h=yes
ac_cv_header_syck_h=no
ac_cv_header_sys_stat_h=yes
ac_cv_header_sys_types_h=yes
ac_cv_header_unistd_h=yes
ac_cv_objext=o
ac_cv_path_EGREP='/bin/grep -E'
ac_cv_path_GREP=/bin/grep
ac_cv_prog_CPP='gcc -E'
ac_cv_prog_OCAMLC=ocamlc
ac_cv_prog_OCAMLDEP=ocamldep
ac_cv_prog_OCAMLFIND=ocamlfind
ac_cv_prog_OCAMLMKLIB=ocamlmklib
ac_cv_prog_ac_ct_CC=gcc
ac_cv_prog_ac_ct_RANLIB=ranlib
ac_cv_prog_cc_c89=
ac_cv_prog_cc_g=yes
ac_cv_prog_ocamlopt=ocamlopt

## ----------------- ##
## Output variables. ##
## ----------------- ##

CC='gcc'
CFLAGS='-g -O2'
CPP='gcc -E'
CPPFLAGS=''
DEFS=''
ECHO_C=''
ECHO_N='-n'
ECHO_T=''
EGREP='/bin/grep -E'
EXEEXT=''
GREP='/bin/grep'
HAVE_SNPRINTF=''
LDFLAGS=''
LIB='cmxa'
LIBOBJS=''
LIBS=''
LTLIBOBJS=''
OBJ='cmx'
OBJEXT='o'
OCAMLC='ocamlopt'
OCAMLCFLAGS=''
OCAMLDEBUGFLAGS=''
OCAMLDEP='ocamldep'
OCAMLFIND='ocamlfind'
OCAMLLDFLAGS=''
OCAMLMKLIB='ocamlmklib'
OCAMLPROFFLAGS=''
PACKAGE_BUGREPORT='waterson@maubi.net'
PACKAGE_NAME='ocaml-syck'
PACKAGE_STRING='ocaml-syck 0.1'
PACKAGE_TARNAME='ocaml-syck'
PACKAGE_VERSION='0.1'
PATH_SEPARATOR=':'
RANLIB='ranlib'
SHELL='/bin/bash'
ac_ct_CC='gcc'
bindir='${exec_prefix}/bin'
build_alias=''
datadir='${datarootdir}'
datarootdir='${prefix}/share'
docdir='${datarootdir}/doc/${PACKAGE_TARNAME}'
dvidir='${docdir}'
exec_prefix='NONE'
host_alias=''
htmldir='${docdir}'
includedir='${prefix}/include'
infodir='${datarootdir}/info'
libdir='${exec_prefix}/lib'
libexecdir='${exec_prefix}/libexec'
localedir='${datarootdir}/locale'
localstatedir='${prefix}/var'
mandir='${datarootdir}/man'
ocamlopt='ocamlopt'
oldincludedir='/usr/include'
pdfdir='${docdir}'
prefix='NONE'
program_transform_name='s,x,x,'
psdir='${docdir}'
sbindir='${exec_prefix}/sbin'
sharedstatedir='${prefix}/com'
sysconfdir='${prefix}/etc'
target_alias=''

## ----------- ##
## confdefs.h. ##
## ----------- ##

#define PACKAGE_NAME "ocaml-syck"
#define PACKAGE_TARNAME "ocaml-syck"
#define PACKAGE_VERSION "0.1"
#define PACKAGE_STRING "ocaml-syck 0.1"
#define PACKAGE_BUGREPORT "waterson@maubi.net"
#define STDC_HEADERS 1
#define HAVE_SYS_TYPES_H 1
#define HAVE_SYS_STAT_H 1
#define HAVE_STDLIB_H 1
#define HAVE_STRING_H 1
#define HAVE_MEMORY_H 1
#define HAVE_STRINGS_H 1
#define HAVE_INTTYPES_H 1
#define HAVE_STDINT_H 1
#define HAVE_UNISTD_H 1

configure: exit 1
